<?xml version="1.0" encoding="UTF-8" ?>
<testsuite failures="0" time="0.014" errors="0" skipped="1" tests="5" name="test.EmployeeDaoTestCase">
  <properties>
    <property name="java.runtime.name" value="Java(TM) SE Runtime Environment"/>
    <property name="sun.boot.library.path" value="C:\Program Files\Java\jdk1.7.0_99\jre\bin"/>
    <property name="java.vm.version" value="24.95-b01"/>
    <property name="java.vm.vendor" value="Oracle Corporation"/>
    <property name="java.vendor.url" value="http://java.oracle.com/"/>
    <property name="path.separator" value=";"/>
    <property name="java.vm.name" value="Java HotSpot(TM) 64-Bit Server VM"/>
    <property name="file.encoding.pkg" value="sun.io"/>
    <property name="user.script" value=""/>
    <property name="user.country" value="US"/>
    <property name="sun.java.launcher" value="SUN_STANDARD"/>
    <property name="sun.os.patch.level" value="Service Pack 1"/>
    <property name="java.vm.specification.name" value="Java Virtual Machine Specification"/>
    <property name="user.dir" value="D:\myworkspace\EmpMgmt"/>
    <property name="java.runtime.version" value="1.7.0_99-b04"/>
    <property name="java.awt.graphicsenv" value="sun.awt.Win32GraphicsEnvironment"/>
    <property name="basedir" value="D:\myworkspace\EmpMgmt"/>
    <property name="java.endorsed.dirs" value="C:\Program Files\Java\jdk1.7.0_99\jre\lib\endorsed"/>
    <property name="os.arch" value="amd64"/>
    <property name="surefire.real.class.path" value="D:\myworkspace\EmpMgmt\target\surefire\surefirebooter1098279918704648244.jar"/>
    <property name="java.io.tmpdir" value="C:\Users\514760\AppData\Local\Temp\"/>
    <property name="line.separator" value="
"/>
    <property name="java.vm.specification.vendor" value="Oracle Corporation"/>
    <property name="user.variant" value=""/>
    <property name="os.name" value="Windows 7"/>
    <property name="sun.jnu.encoding" value="Cp1252"/>
    <property name="java.library.path" value="C:\Program Files\Java\jdk1.7.0_99\jre\bin;C:\WINDOWS\Sun\Java\bin;C:\WINDOWS\system32;C:\WINDOWS;C:/Program Files/Java/jre1.8.0_77/bin/server;C:/Program Files/Java/jre1.8.0_77/bin;C:/Program Files/Java/jre1.8.0_77/lib/amd64;C:\ProgramData\Oracle\Java\javapath;C:\WINDOWS\system32;C:\WINDOWS;C:\WINDOWS\System32\Wbem;C:\WINDOWS\System32\WindowsPowerShell\v1.0\;C:\Program Files\Java\jdk1.7.0_72\bin;;C:\Eclipse Kepler 4.3;;."/>
    <property name="surefire.test.class.path" value="D:\myworkspace\EmpMgmt\target\test-classes;D:\myworkspace\EmpMgmt\target\classes;C:\Users\514760\.m2\repository\junit\junit\4.4\junit-4.4.jar;"/>
    <property name="java.specification.name" value="Java Platform API Specification"/>
    <property name="java.class.version" value="51.0"/>
    <property name="sun.management.compiler" value="HotSpot 64-Bit Tiered Compilers"/>
    <property name="os.version" value="6.1"/>
    <property name="user.home" value="C:\Users\514760"/>
    <property name="user.timezone" value=""/>
    <property name="java.awt.printerjob" value="sun.awt.windows.WPrinterJob"/>
    <property name="java.specification.version" value="1.7"/>
    <property name="file.encoding" value="Cp1252"/>
    <property name="user.name" value="514760"/>
    <property name="java.class.path" value="D:\myworkspace\EmpMgmt\target\test-classes;D:\myworkspace\EmpMgmt\target\classes;C:\Users\514760\.m2\repository\junit\junit\4.4\junit-4.4.jar;"/>
    <property name="java.vm.specification.version" value="1.7"/>
    <property name="sun.arch.data.model" value="64"/>
    <property name="java.home" value="C:\Program Files\Java\jdk1.7.0_99\jre"/>
    <property name="sun.java.command" value="D:\myworkspace\EmpMgmt\target\surefire\surefirebooter1098279918704648244.jar D:\myworkspace\EmpMgmt\target\surefire\surefire2051524869438564959tmp D:\myworkspace\EmpMgmt\target\surefire\surefire1399246909986546243tmp"/>
    <property name="java.specification.vendor" value="Oracle Corporation"/>
    <property name="user.language" value="en"/>
    <property name="awt.toolkit" value="sun.awt.windows.WToolkit"/>
    <property name="java.vm.info" value="mixed mode"/>
    <property name="java.version" value="1.7.0_99"/>
    <property name="java.ext.dirs" value="C:\Program Files\Java\jdk1.7.0_99\jre\lib\ext;C:\WINDOWS\Sun\Java\lib\ext"/>
    <property name="sun.boot.class.path" value="C:\Program Files\Java\jdk1.7.0_99\jre\lib\resources.jar;C:\Program Files\Java\jdk1.7.0_99\jre\lib\rt.jar;C:\Program Files\Java\jdk1.7.0_99\jre\lib\sunrsasign.jar;C:\Program Files\Java\jdk1.7.0_99\jre\lib\jsse.jar;C:\Program Files\Java\jdk1.7.0_99\jre\lib\jce.jar;C:\Program Files\Java\jdk1.7.0_99\jre\lib\charsets.jar;C:\Program Files\Java\jdk1.7.0_99\jre\lib\jfr.jar;C:\Program Files\Java\jdk1.7.0_99\jre\classes"/>
    <property name="java.vendor" value="Oracle Corporation"/>
    <property name="localRepository" value="C:\Users\514760\.m2\repository"/>
    <property name="file.separator" value="\"/>
    <property name="java.vendor.url.bug" value="http://bugreport.sun.com/bugreport/"/>
    <property name="sun.cpu.endian" value="little"/>
    <property name="sun.io.unicode.encoding" value="UnicodeLittle"/>
    <property name="sun.desktop" value="windows"/>
    <property name="sun.cpu.isalist" value="amd64"/>
  </properties>
  <testcase time="0.011" classname="test.EmployeeDaoTestCase" name="testDepartmentGetAllMethodTrue">
    <skipped/>
  </testcase>
  <testcase time="0.005" classname="test.EmployeeDaoTestCase" name="testDepartmentUpdateMethodTrue"/>
  <testcase time="0.001" classname="test.EmployeeDaoTestCase" name="testDepartmentDeleteMethodTrue"/>
  <testcase time="0.001" classname="test.EmployeeDaoTestCase" name="testDepartmentFindByIdMethodTrue"/>
  <testcase time="0.001" classname="test.EmployeeDaoTestCase" name="testDepartmentInsertMethodTrue"/>
</testsuite>